2024-12-07 11:46:04 [2024-12-07 11:46:04.836] Transmission 3.00 (bb6b5a062e) started
2024-12-07 11:46:04 [2024-12-07 11:46:04.837] RPC Server: Adding address to whitelist: 127.0.0.1
2024-12-07 11:46:04 [2024-12-07 11:46:04.837] RPC Server: Adding address to whitelist: ::1
2024-12-07 11:46:04 [2024-12-07 11:46:04.837] RPC Server: Serving RPC and Web requests on 0.0.0.0:9091/transmission/
2024-12-07 11:46:04 [2024-12-07 11:46:04.837] RPC Server: Whitelist enabled
2024-12-07 11:46:04 [2024-12-07 11:46:04.837] RPC Server: Password required
2024-12-07 11:46:04 [2024-12-07 11:46:04.838] UDP: Failed to set receive buffer: requested 4194304, got 425984
2024-12-07 11:46:04 [2024-12-07 11:46:04.838] UDP: Please add the line "net.core.rmem_max = 4194304" to /etc/sysctl.conf
2024-12-07 11:46:04 [2024-12-07 11:46:04.838] UDP: Failed to set send buffer: requested 1048576, got 425984
2024-12-07 11:46:04 [2024-12-07 11:46:04.838] UDP: Please add the line "net.core.wmem_max = 1048576" to /etc/sysctl.conf
2024-12-07 11:46:04 [2024-12-07 11:46:04.838] DHT: Reusing old id
2024-12-07 11:46:04 [2024-12-07 11:46:04.838] DHT: Bootstrapping from 115 IPv4 nodes
2024-12-07 11:46:04 [2024-12-07 11:46:04.886] Saved "/home/surprise/.config/transmission/torrents/41e6cd50ccec55cd5704c5e3d176e7b59317a3fb.torrent"
2024-12-07 11:46:04 [2024-12-07 11:46:04.886] ubuntu-24.04.1-live-server-amd64.iso: Queued for verification
2024-12-07 11:46:04 [2024-12-07 11:46:04.886] ubuntu-24.04.1-live-server-amd64.iso: Verifying torrent
2024-12-07 11:46:05 [2024-12-07 11:46:05.165] Port Forwarding (NAT-PMP): initnatpmp succeeded (0)
2024-12-07 11:46:05 [2024-12-07 11:46:05.165] Port Forwarding (NAT-PMP): sendpublicaddressrequest succeeded (2)
2024-12-07 11:46:07 [2024-12-07 11:46:07.307] Port Forwarding (UPnP): Found Internet Gateway Device "http://192.168.1.254:5431/uuid:9238f78f-c8cd-47b8-974b-e8112eb71e40/WANIPConnection:1"
2024-12-07 11:46:07 [2024-12-07 11:46:07.307] Port Forwarding (UPnP): Local Address is "192.168.28.176"
2024-12-07 11:46:07 [2024-12-07 11:46:07.687] Port Forwarding (UPnP): Port forwarding through "http://192.168.1.254:5431/uuid:9238f78f-c8cd-47b8-974b-e8112eb71e40/WANIPConnection:1", service "urn:schemas-upnp-org:service:WANIPConnection:1". (local address: 192.168.28.176:51413)
2024-12-07 11:46:07 [2024-12-07 11:46:07.687] Port Forwarding (UPnP): Port forwarding successful!
2024-12-07 11:46:07 [2024-12-07 11:46:07.687] Port Forwarding: State changed from "Not forwarded" to "Forwarded"
2024-12-07 11:46:07 [2024-12-07 11:46:07.687] web: will verify tracker certs using envvar CURL_CA_BUNDLE: none
2024-12-07 11:46:07 [2024-12-07 11:46:07.687] web: NB: this only works if you built against libcurl with openssl or gnutls, NOT nss
2024-12-07 11:46:07 [2024-12-07 11:46:07.687] web: NB: invalid certs will show up as 'Could not connect to tracker' like many other errors
2024-12-07 11:46:15 transmission-cli 3.00 (bb6b5a062e)
2024-12-07 11:46:15 
2024-12-07 11:46:15 Progress: 0.0%, dl from 0 of 0 peers (0 kB/s), ul to 0 (0 kB/s) [None]          
2024-12-07 11:46:15 Progress: 0.0%, dl from 0 of 0 peers (0 kB/s), ul to 0 (0 kB/s) [None]          
2024-12-07 11:46:15 Progress: 0.0%, dl from 0 of 0 peers (0 kB/s), ul to 0 (0 kB/s) [None]          
2024-12-07 11:46:15 Progress: 0.0%, dl from 0 of 0 peers (0 kB/s), ul to 0 (0 kB/s) [None]          
2024-12-07 11:46:15 Progress: 0.0%, dl from 0 of 0 peers (0 kB/s), ul to 0 (0 kB/s) [None]          
2024-12-07 11:46:15 Progress: 0.0%, dl from 0 of 0 peers (0 kB/s), ul to 0 (0 kB/s) [None]          
2024-12-07 11:46:15 Progress: 0.0%, dl from 0 of 0 peers (0 kB/s), ul to 0 (0 kB/s) [None]          
2024-12-07 11:46:15 Progress: 0.0%, dl from 0 of 0 peers (0 kB/s), ul to 0 (0 kB/s) [None]          
2024-12-07 11:46:15 Progress: 0.0%, dl from 0 of 0 peers (0 kB/s), ul to 0 (0 kB/s) [None]          
2024-12-07 11:46:15 Progress: 0.0%, dl from 0 of 0 peers (0 kB/s), ul to 0 (0 kB/s) [None]          
2024-12-07 11:46:15 Progress: 0.0%, dl from 0 of 0 peers (0 kB/s), ul to 0 (0 kB/s) [None]          
2024-12-07 11:46:15 Progress: 0.0%, dl from 0 of 0 peers (0 kB/s), ul to 0 (0 kB/s) [None]          
2024-12-07 11:46:15 Progress: 0.0%, dl from 0 of 0 peers (0 kB/s), ul to 0 (0 kB/s) [None]          
2024-12-07 11:46:15 Progress: 0.0%, dl from 0 of 0 peers (0 kB/s), ul to 0 (0 kB/s) [None]          
2024-12-07 11:46:15 Progress: 0.0%, dl from 0 of 0 peers (0 kB/s), ul to 0 (0 kB/s) [None]          
2024-12-07 11:46:15 Progress: 0.0%, dl from 0 of 0 peers (0 kB/s), ul to 0 (0 kB/s) [None]          
2024-12-07 11:46:15 Progress: 0.0%, dl from 0 of 0 peers (0 kB/s), ul to 0 (0 kB/s) [None]          
2024-12-07 11:46:15 Progress: 0.0%, dl from 0 of 0 peers (0 kB/s), ul to 0 (0 kB/s) [None]          
2024-12-07 11:46:15 Progress: 0.0%, dl from 0 of 0 peers (0 kB/s), ul to 0 (0 kB/s) [None]          
2024-12-07 11:46:15 Progress: 0.0%, dl from 0 of 0 peers (0 kB/s), ul to 0 (0 kB/s) [None]          
2024-12-07 11:46:15 Progress: 0.0%, dl from 0 of 0 peers (0 kB/s), ul to 0 (0 kB/s) [None]          
2024-12-07 11:46:15 Progress: 0.0%, dl from 0 of 0 peers (0 kB/s), ul to 0 (0 kB/s) [None]          
2024-12-07 11:46:15 Progress: 0.0%, dl from 0 of 0 peers (0 kB/s), ul to 0 (0 kB/s) [None]          
2024-12-07 11:46:15 Progress: 0.0%, dl from 0 of 0 peers (0 kB/s), ul to 0 (0 kB/s) [None]          
2024-12-07 11:46:15 Progress: 0.0%, dl from 0 of 0 peers (0 kB/s), ul to 0 (0 kB/s) [None]          
2024-12-07 11:46:15 Progress: 0.0%, dl from 0 of 0 peers (0 kB/s), ul to 0 (0 kB/s) [None]          
2024-12-07 11:46:15 Progress: 0.0%, dl from 0 of 0 peers (0 kB/s), ul to 0 (0 kB/s) [None]          
2024-12-07 11:46:15 Progress: 0.0%, dl from 0 of 0 peers (0 kB/s), ul to 0 (0 kB/s) [None]          
2024-12-07 11:46:15 Progress: 0.0%, dl from 0 of 0 peers (0 kB/s), ul to 0 (0 kB/s) [None]          
2024-12-07 11:46:15 Progress: 0.0%, dl from 0 of 0 peers (0 kB/s), ul to 0 (0 kB/s) [None]          
2024-12-07 11:46:15 Progress: 0.0%, dl from 0 of 0 peers (0 kB/s), ul to 0 (0 kB/s) [None]          
2024-12-07 11:46:15 Progress: 0.0%, dl from 0 of 0 peers (0 kB/s), ul to 0 (0 kB/s) [None]          
2024-12-07 11:46:15 Progress: 0.0%, dl from 0 of 0 peers (0 kB/s), ul to 0 (0 kB/s) [None]          
2024-12-07 11:46:15 Progress: 0.0%, dl from 0 of 0 peers (0 kB/s), ul to 0 (0 kB/s) [None]          
2024-12-07 11:46:15 Progress: 0.0%, dl from 0 of 0 peers (0 kB/s), ul to 0 (0 kB/s) [None]          
2024-12-07 11:46:15 Progress: 0.0%, dl from 0 of 0 peers (0 kB/s), ul to 0 (0 kB/s) [None]          
2024-12-07 11:46:15 Progress: 0.0%, dl from 0 of 0 peers (0 kB/s), ul to 0 (0 kB/s) [None]          
2024-12-07 11:46:15 Progress: 0.0%, dl from 0 of 0 peers (0 kB/s), ul to 0 (0 kB/s) [None]          
2024-12-07 11:46:15 Progress: 0.0%, dl from 0 of 0 peers (0 kB/s), ul to 0 (0 kB/s) [None]          
2024-12-07 11:46:15 Progress: 0.0%, dl from 0 of 0 peers (0 kB/s), ul to 0 (0 kB/s) [None]          
2024-12-07 11:46:15 Progress: 0.0%, dl from 0 of 0 peers (0 kB/s), ul to 0 (0 kB/s) [None]          
2024-12-07 11:46:15 Progress: 0.0%, dl from 0 of 0 peers (0 kB/s), ul to 0 (0 kB/s) [None]          
2024-12-07 11:46:15 Progress: 0.0%, dl from 0 of 0 peers (0 kB/s), ul to 0 (0 kB/s) [None]          
2024-12-07 11:46:15 Progress: 0.0%, dl from 0 of 0 peers (0 kB/s), ul to 0 (0 kB/s) [None]          
2024-12-07 11:46:15 Progress: 0.0%, dl from 0 of 0 peers (0 kB/s), ul to 0 (0 kB/s) [None]          
2024-12-07 11:46:15 Progress: 0.0%, dl from 0 of 0 peers (0 kB/s), ul to 0 (0 kB/s) [None]          
2024-12-07 11:46:15 Progress: 0.0%, dl from 0 of 0 peers (0 kB/s), ul to 0 (0 kB/s) [None]          
2024-12-07 11:46:15 Progress: 0.0%, dl from 0 of 0 peers (0 kB/s), ul to 0 (0 kB/s) [None]          
2024-12-07 11:46:15 Progress: 0.0%, dl from 0 of 0 peers (0 kB/s), ul to 0 (0 kB/s) [None]          
2024-12-07 11:46:15 Progress: 0.0%, dl from 0 of 0 peers (0 kB/s), ul to 0 (0 kB/s) [None]          
2024-12-07 11:46:23 Progress: [2024-12-07 11:46:23.002] ubuntu-24.04.1-live-server-amd64.iso: Starting IPv4 DHT announce (poor, 19 nodes)
2024-12-07 11:46:25 0.0%, dl from 0 of 0 peers (0 kB/s), ul to 0 (0 kB/s) [None]          
2024-12-07 11:46:25 Progress: 0.0%, dl from 0 of 0 peers (0 kB/s), ul to 0 (0 kB/s) [None]          
2024-12-07 11:46:25 Progress: 0.0%, dl from 0 of 0 peers (0 kB/s), ul to 0 (0 kB/s) [None]          
2024-12-07 11:46:25 Progress: 0.0%, dl from 0 of 0 peers (0 kB/s), ul to 0 (0 kB/s) [None]          
2024-12-07 11:46:25 Progress: 0.0%, dl from 0 of 0 peers (0 kB/s), ul to 0 (0 kB/s) [None]          
2024-12-07 11:46:25 Progress: 0.0%, dl from 0 of 0 peers (0 kB/s), ul to 0 (0 kB/s) [None]          
2024-12-07 11:46:25 Progress: 0.0%, dl from 0 of 0 peers (0 kB/s), ul to 0 (0 kB/s) [None]          
2024-12-07 11:46:25 Progress: 0.0%, dl from 0 of 0 peers (0 kB/s), ul to 0 (0 kB/s) [None]          
2024-12-07 11:46:25 Progress: 0.0%, dl from 0 of 0 peers (0 kB/s), ul to 0 (0 kB/s) [None]          
2024-12-07 11:46:25 Progress: 0.0%, dl from 0 of 0 peers (0 kB/s), ul to 0 (0 kB/s) [None]          
2024-12-07 11:46:25 Progress: 0.0%, dl from 0 of 0 peers (0 kB/s), ul to 0 (0 kB/s) [None]          
2024-12-07 11:46:25 Progress: 0.0%, dl from 0 of 0 peers (0 kB/s), ul to 0 (0 kB/s) [None]          
2024-12-07 11:46:25 Progress: 0.0%, dl from 0 of 0 peers (0 kB/s), ul to 0 (0 kB/s) [None]          
2024-12-07 11:46:25 Progress: 0.0%, dl from 0 of 0 peers (0 kB/s), ul to 0 (0 kB/s) [None]          
2024-12-07 11:46:25 Progress: 0.0%, dl from 0 of 0 peers (0 kB/s), ul to 0 (0 kB/s) [None]          
2024-12-07 11:46:25 Progress: 0.0%, dl from 0 of 0 peers (0 kB/s), ul to 0 (0 kB/s) [None]          
2024-12-07 11:46:25 Progress: 0.0%, dl from 0 of 0 peers (0 kB/s), ul to 0 (0 kB/s) [None]          
2024-12-07 11:46:25 Progress: 0.0%, dl from 0 of 0 peers (0 kB/s), ul to 0 (0 kB/s) [None]          
2024-12-07 11:46:25 Progress: 0.0%, dl from 0 of 0 peers (0 kB/s), ul to 0 (0 kB/s) [None]          
2024-12-07 11:46:25 Progress: 0.0%, dl from 0 of 0 peers (0 kB/s), ul to 0 (0 kB/s) [None]          
2024-12-07 11:46:25 Progress: 0.0%, dl from 0 of 0 peers (0 kB/s), ul to 0 (0 kB/s) [None]          
2024-12-07 11:46:25 Progress: 0.0%, dl from 0 of 0 peers (0 kB/s), ul to 0 (0 kB/s) [None]          
2024-12-07 11:46:25 Progress: 0.0%, dl from 0 of 0 peers (0 kB/s), ul to 0 (0 kB/s) [None]          
2024-12-07 11:46:25 Progress: 0.0%, dl from 0 of 0 peers (0 kB/s), ul to 0 (0 kB/s) [None]          
2024-12-07 11:46:25 Progress: 0.0%, dl from 0 of 0 peers (0 kB/s), ul to 0 (0 kB/s) [None]          
2024-12-07 11:46:25 Progress: 0.0%, dl from 0 of 0 peers (0 kB/s), ul to 0 (0 kB/s) [None]          
2024-12-07 11:46:25 Progress: 0.0%, dl from 0 of 0 peers (0 kB/s), ul to 0 (0 kB/s) [None]          
2024-12-07 11:46:25 Progress: 0.0%, dl from 0 of 0 peers (0 kB/s), ul to 0 (0 kB/s) [None]          
2024-12-07 11:46:25 Progress: 0.0%, dl from 0 of 0 peers (0 kB/s), ul to 0 (0 kB/s) [None]          
2024-12-07 11:46:25 Progress: 0.0%, dl from 0 of 0 peers (0 kB/s), ul to 0 (0 kB/s) [None]          
2024-12-07 11:46:25 Progress: 0.0%, dl from 0 of 0 peers (0 kB/s), ul to 0 (0 kB/s) [None]          
2024-12-07 11:46:25 Progress: 0.0%, dl from 0 of 0 peers (0 kB/s), ul to 0 (0 kB/s) [None]          
2024-12-07 11:46:25 Progress: 0.0%, dl from 0 of 0 peers (0 kB/s), ul to 0 (0 kB/s) [None]          
2024-12-07 11:46:25 Progress: 0.0%, dl from 0 of 0 peers (0 kB/s), ul to 0 (0 kB/s) [None]          
2024-12-07 11:46:25 Progress: 0.0%, dl from 0 of 0 peers (0 kB/s), ul to 0 (0 kB/s) [None]          
2024-12-07 11:46:25 Progress: 0.0%, dl from 0 of 0 peers (0 kB/s), ul to 0 (0 kB/s) [None]          
2024-12-07 11:46:25 Progress: 0.0%, dl from 0 of 0 peers (0 kB/s), ul to 0 (0 kB/s) [None]          
2024-12-07 11:46:25 Progress: 0.0%, dl from 0 of 0 peers (0 kB/s), ul to 0 (0 kB/s) [None]          
2024-12-07 11:46:25 Progress: 0.0%, dl from 0 of 0 peers (0 kB/s), ul to 0 (0 kB/s) [None]          
2024-12-07 11:46:25 Progress: 0.0%, dl from 0 of 0 peers (0 kB/s), ul to 0 (0 kB/s) [None]          
2024-12-07 11:46:25 Progress: 0.0%, dl from 0 of 0 peers (0 kB/s), ul to 0 (0 kB/s) [None]          
2024-12-07 11:46:25 Progress: 0.0%, dl from 0 of 0 peers (0 kB/s), ul to 0 (0 kB/s) [None]          
2024-12-07 11:46:25 Progress: 0.0%, dl from 0 of 0 peers (0 kB/s), ul to 0 (0 kB/s) [None]          
2024-12-07 11:46:25 Progress: 0.0%, dl from 0 of 0 peers (0 kB/s), ul to 0 (0 kB/s) [None]          
2024-12-07 11:46:25 Progress: 0.0%, dl from 0 of 0 peers (0 kB/s), ul to 0 (0 kB/s) [None]          
2024-12-07 11:46:25 Progress: 0.0%, dl from 0 of 0 peers (0 kB/s), ul to 0 (0 kB/s) [None]          
2024-12-07 11:46:25 Progress: 0.0%, dl from 0 of 0 peers (0 kB/s), ul to 0 (0 kB/s) [None]          
2024-12-07 11:46:25 Progress: 0.0%, dl from 0 of 0 peers (0 kB/s), ul to 0 (0 kB/s) [None]          
2024-12-07 11:46:25 Progress: 0.0%, dl from 0 of 0 peers (0 kB/s), ul to 0 (0 kB/s) [None]          
2024-12-07 11:46:25 Progress: 0.0%, dl from 0 of 0 peers (0 kB/s), ul to 0 (0 kB/s) [None]          
2024-12-07 11:46:35 Progress: 0.0%, dl from 0 of 0 peers (0 kB/s), ul to 0 (0 kB/s) [None]          
2024-12-07 11:46:35 Progress: 0.0%, dl from 0 of 0 peers (0 kB/s), ul to 0 (0 kB/s) [None]          
2024-12-07 11:46:35 Progress: 0.0%, dl from 0 of 0 peers (0 kB/s), ul to 0 (0 kB/s) [None]          
2024-12-07 11:46:35 Progress: 0.0%, dl from 0 of 0 peers (0 kB/s), ul to 0 (0 kB/s) [None]          
2024-12-07 11:46:35 Progress: 0.0%, dl from 0 of 0 peers (0 kB/s), ul to 0 (0 kB/s) [None]          
2024-12-07 11:46:35 Progress: 0.0%, dl from 0 of 0 peers (0 kB/s), ul to 0 (0 kB/s) [None]          
2024-12-07 11:46:35 Progress: 0.0%, dl from 0 of 0 peers (0 kB/s), ul to 0 (0 kB/s) [None]          
2024-12-07 11:46:35 Progress: 0.0%, dl from 0 of 1 peers (0 kB/s), ul to 0 (0 kB/s) [None]          
2024-12-07 11:46:35 Progress: 0.0%, dl from 0 of 1 peers (0 kB/s), ul to 0 (0 kB/s) [None]          
2024-12-07 11:46:35 Progress: 0.0%, dl from 0 of 1 peers (0 kB/s), ul to 0 (0 kB/s) [None]          
2024-12-07 11:46:35 Progress: 0.0%, dl from 0 of 1 peers (0 kB/s), ul to 0 (0 kB/s) [None]          
2024-12-07 11:46:35 Progress: 0.0%, dl from 0 of 1 peers (0 kB/s), ul to 0 (0 kB/s) [None]          
2024-12-07 11:46:35 Progress: 0.0%, dl from 0 of 1 peers (0 kB/s), ul to 0 (0 kB/s) [None]          
2024-12-07 11:46:35 Progress: 0.0%, dl from 0 of 1 peers (0 kB/s), ul to 0 (0 kB/s) [None]          
2024-12-07 11:46:35 Progress: 0.0%, dl from 0 of 1 peers (0 kB/s), ul to 0 (0 kB/s) [None]          
2024-12-07 11:46:35 Progress: 0.0%, dl from 0 of 1 peers (0 kB/s), ul to 0 (0 kB/s) [None]          
2024-12-07 11:46:35 Progress: 0.0%, dl from 0 of 1 peers (0 kB/s), ul to 0 (0 kB/s) [None]          
2024-12-07 11:46:35 Progress: 0.0%, dl from 0 of 1 peers (0 kB/s), ul to 0 (0 kB/s) [None]          
2024-12-07 11:46:35 Progress: 0.0%, dl from 0 of 1 peers (0 kB/s), ul to 0 (0 kB/s) [None]          
2024-12-07 11:46:35 Progress: 0.0%, dl from 0 of 1 peers (0 kB/s), ul to 0 (0 kB/s) [None]          
2024-12-07 11:46:35 Progress: 0.0%, dl from 0 of 1 peers (0 kB/s), ul to 0 (0 kB/s) [None]          
2024-12-07 11:46:35 Progress: 0.0%, dl from 0 of 1 peers (0 kB/s), ul to 0 (0 kB/s) [None]          
2024-12-07 11:46:35 Progress: 0.0%, dl from 0 of 1 peers (0 kB/s), ul to 0 (0 kB/s) [None]          
2024-12-07 11:46:35 Progress: 0.0%, dl from 0 of 1 peers (0 kB/s), ul to 0 (0 kB/s) [None]          
2024-12-07 11:46:35 Progress: 0.0%, dl from 0 of 1 peers (0 kB/s), ul to 0 (0 kB/s) [None]          
2024-12-07 11:46:35 Progress: 0.0%, dl from 0 of 1 peers (0 kB/s), ul to 0 (0 kB/s) [None]          
2024-12-07 11:46:35 Progress: 0.0%, dl from 0 of 1 peers (0 kB/s), ul to 0 (0 kB/s) [None]          
2024-12-07 11:46:35 Progress: 0.0%, dl from 0 of 1 peers (0 kB/s), ul to 0 (0 kB/s) [None]          
2024-12-07 11:46:35 Progress: 0.0%, dl from 0 of 1 peers (0 kB/s), ul to 0 (0 kB/s) [None]          
2024-12-07 11:46:35 Progress: 0.0%, dl from 0 of 1 peers (0 kB/s), ul to 0 (0 kB/s) [None]          
2024-12-07 11:46:35 Progress: 0.0%, dl from 0 of 1 peers (0 kB/s), ul to 0 (0 kB/s) [None]          
2024-12-07 11:46:35 Progress: 0.0%, dl from 0 of 1 peers (0 kB/s), ul to 0 (0 kB/s) [None]          
2024-12-07 11:46:35 Progress: 0.0%, dl from 0 of 1 peers (0 kB/s), ul to 0 (0 kB/s) [None]          
2024-12-07 11:46:35 Progress: 0.0%, dl from 0 of 1 peers (0 kB/s), ul to 0 (0 kB/s) [None]          
2024-12-07 11:46:35 Progress: 0.0%, dl from 0 of 1 peers (0 kB/s), ul to 0 (0 kB/s) [None]          
2024-12-07 11:46:35 Progress: 0.0%, dl from 0 of 1 peers (0 kB/s), ul to 0 (0 kB/s) [None]          
2024-12-07 11:46:35 Progress: 0.0%, dl from 0 of 1 peers (0 kB/s), ul to 0 (0 kB/s) [None]          
2024-12-07 11:46:35 Progress: 0.0%, dl from 0 of 1 peers (0 kB/s), ul to 0 (0 kB/s) [None]          
2024-12-07 11:46:35 Progress: 0.0%, dl from 0 of 1 peers (0 kB/s), ul to 0 (0 kB/s) [None]          
2024-12-07 11:46:35 Progress: 0.0%, dl from 0 of 1 peers (0 kB/s), ul to 0 (0 kB/s) [None]          
2024-12-07 11:46:35 Progress: 0.0%, dl from 0 of 1 peers (0 kB/s), ul to 0 (0 kB/s) [None]          
2024-12-07 11:46:35 Progress: 0.0%, dl from 0 of 1 peers (0 kB/s), ul to 0 (0 kB/s) [None]          
2024-12-07 11:46:35 Progress: 0.0%, dl from 0 of 1 peers (0 kB/s), ul to 0 (0 kB/s) [None]          
2024-12-07 11:46:35 Progress: 0.0%, dl from 0 of 1 peers (0 kB/s), ul to 0 (0 kB/s) [None]          
2024-12-07 11:46:35 Progress: 0.0%, dl from 0 of 1 peers (0 kB/s), ul to 0 (0 kB/s) [None]          
2024-12-07 11:46:35 Progress: 0.0%, dl from 0 of 1 peers (0 kB/s), ul to 0 (0 kB/s) [None]          
2024-12-07 11:46:35 Progress: 0.0%, dl from 0 of 1 peers (0 kB/s), ul to 0 (0 kB/s) [None]          
2024-12-07 11:46:35 Progress: 0.0%, dl from 0 of 1 peers (0 kB/s), ul to 0 (0 kB/s) [None]          
2024-12-07 11:46:35 Progress: 0.0%, dl from 0 of 2 peers (0 kB/s), ul to 0 (0 kB/s) [None]          
2024-12-07 11:46:35 Progress: 0.0%, dl from 0 of 2 peers (0 kB/s), ul to 0 (0 kB/s) [None]          
2024-12-07 11:46:35 Progress: 0.0%, dl from 0 of 2 peers (0 kB/s), ul to 0 (0 kB/s) [None]          
2024-12-07 11:46:45 Progress: 0.0%, dl from 0 of 3 peers (0 kB/s), ul to 0 (0 kB/s) [None]          
2024-12-07 11:46:45 Progress: 0.0%, dl from 0 of 4 peers (0 kB/s), ul to 0 (0 kB/s) [None]          
2024-12-07 11:46:45 Progress: 0.0%, dl from 0 of 5 peers (0 kB/s), ul to 0 (0 kB/s) [None]          
2024-12-07 11:46:45 Progress: 0.0%, dl from 0 of 5 peers (0 kB/s), ul to 0 (0 kB/s) [None]          
2024-12-07 11:46:45 Progress: 0.0%, dl from 0 of 5 peers (0 kB/s), ul to 0 (0 kB/s) [None]          
2024-12-07 11:46:45 Progress: 0.0%, dl from 0 of 5 peers (0 kB/s), ul to 0 (0 kB/s) [None]          
2024-12-07 11:46:45 Progress: 0.0%, dl from 0 of 5 peers (0 kB/s), ul to 0 (0 kB/s) [None]          
2024-12-07 11:46:45 Progress: 0.0%, dl from 0 of 6 peers (0 kB/s), ul to 0 (0 kB/s) [None]          
2024-12-07 11:46:45 Progress: 0.0%, dl from 0 of 6 peers (0 kB/s), ul to 0 (0 kB/s) [None]          
2024-12-07 11:46:45 Progress: 0.0%, dl from 0 of 7 peers (0 kB/s), ul to 0 (0 kB/s) [None]          
2024-12-07 11:46:45 Progress: 0.0%, dl from 0 of 7 peers (0 kB/s), ul to 0 (0 kB/s) [None]          
2024-12-07 11:46:45 Progress: 0.0%, dl from 0 of 8 peers (0 kB/s), ul to 0 (0 kB/s) [None]          
2024-12-07 11:46:45 Progress: 0.0%, dl from 0 of 8 peers (0 kB/s), ul to 0 (0 kB/s) [None]          
2024-12-07 11:46:45 Progress: 0.0%, dl from 0 of 8 peers (0 kB/s), ul to 0 (0 kB/s) [None]          
2024-12-07 11:46:45 Progress: 0.0%, dl from 0 of 9 peers (0 kB/s), ul to 0 (0 kB/s) [None]          
2024-12-07 11:46:45 Progress: 0.0%, dl from 1 of 9 peers (0 kB/s), ul to 0 (0 kB/s) [None]          
2024-12-07 11:46:45 Progress: 0.0%, dl from 1 of 9 peers (0 kB/s), ul to 0 (0 kB/s) [None]          
2024-12-07 11:46:45 Progress: 0.0%, dl from 1 of 10 peers (0 kB/s), ul to 0 (0 kB/s) [None]         
2024-12-07 11:46:45 Progress: 0.0%, dl from 1 of 10 peers (0 kB/s), ul to 0 (0 kB/s) [None]         
2024-12-07 11:46:45 Progress: 0.0%, dl from 1 of 12 peers (0 kB/s), ul to 0 (0 kB/s) [None]         
2024-12-07 11:46:45 Progress: 0.0%, dl from 1 of 14 peers (0 kB/s), ul to 0 (0 kB/s) [None]         
2024-12-07 11:46:45 Progress: 0.0%, dl from 1 of 15 peers (0 kB/s), ul to 0 (0 kB/s) [0.00]         
2024-12-07 11:46:45 Progress: 0.0%, dl from 1 of 16 peers (0 kB/s), ul to 0 (0 kB/s) [0.00]         
2024-12-07 11:46:45 Progress: 0.0%, dl from 1 of 15 peers (1 kB/s), ul to 0 (0 kB/s) [0.00]         
2024-12-07 11:46:45 Progress: 0.0%, dl from 1 of 15 peers (1 kB/s), ul to 0 (0 kB/s) [0.00]         
2024-12-07 11:46:45 Progress: 0.0%, dl from 1 of 17 peers (1 kB/s), ul to 0 (0 kB/s) [0.00]         
2024-12-07 11:46:45 Progress: 0.0%, dl from 1 of 19 peers (1 kB/s), ul to 0 (0 kB/s) [0.00]         
2024-12-07 11:46:45 Progress: 0.0%, dl from 1 of 19 peers (2 kB/s), ul to 0 (0 kB/s) [0.00]         
2024-12-07 11:46:45 Progress: 0.0%, dl from 1 of 20 peers (3 kB/s), ul to 0 (0 kB/s) [0.00]         
2024-12-07 11:46:45 Progress: 0.0%, dl from 1 of 21 peers (3 kB/s), ul to 0 (0 kB/s) [0.00]         
2024-12-07 11:46:45 Progress: 0.0%, dl from 1 of 21 peers (4 kB/s), ul to 0 (0 kB/s) [0.00]         
2024-12-07 11:46:45 Progress: 0.0%, dl from 1 of 21 peers (3 kB/s), ul to 0 (0 kB/s) [0.00]         
2024-12-07 11:46:45 Progress: 0.0%, dl from 1 of 22 peers (4 kB/s), ul to 0 (0 kB/s) [0.00]         
2024-12-07 11:46:45 Progress: 0.0%, dl from 1 of 22 peers (4 kB/s), ul to 0 (0 kB/s) [0.00]         
2024-12-07 11:46:45 Progress: 0.0%, dl from 1 of 22 peers (4 kB/s), ul to 0 (0 kB/s) [0.00]         
2024-12-07 11:46:45 Progress: 0.0%, dl from 1 of 22 peers (4 kB/s), ul to 0 (0 kB/s) [0.00]         
2024-12-07 11:46:45 Progress: 0.0%, dl from 1 of 22 peers (4 kB/s), ul to 0 (0 kB/s) [0.00]         
2024-12-07 11:46:45 Progress: 0.0%, dl from 1 of 23 peers (4 kB/s), ul to 0 (0 kB/s) [0.00]         
2024-12-07 11:46:45 Progress: 0.0%, dl from 1 of 23 peers (3 kB/s), ul to 0 (0 kB/s) [0.00]         
2024-12-07 11:46:45 Progress: 0.0%, dl from 1 of 23 peers (4 kB/s), ul to 0 (0 kB/s) [0.00]         
2024-12-07 11:46:45 Progress: 0.0%, dl from 1 of 23 peers (4 kB/s), ul to 0 (0 kB/s) [0.00]         
2024-12-07 11:46:45 Progress: 0.0%, dl from 1 of 24 peers (4 kB/s), ul to 0 (0 kB/s) [0.00]         
2024-12-07 11:46:45 Progress: 0.0%, dl from 1 of 24 peers (4 kB/s), ul to 0 (0 kB/s) [0.00]         
2024-12-07 11:46:45 Progress: 0.0%, dl from 1 of 26 peers (3 kB/s), ul to 0 (0 kB/s) [0.00]         
2024-12-07 11:46:45 Progress: 0.0%, dl from 1 of 30 peers (4 kB/s), ul to 0 (0 kB/s) [0.00]         
2024-12-07 11:46:45 Progress: 0.0%, dl from 1 of 30 peers (3 kB/s), ul to 0 (0 kB/s) [0.00]         
2024-12-07 11:46:45 Progress: 0.0%, dl from 1 of 30 peers (4 kB/s), ul to 0 (0 kB/s) [0.00]         
2024-12-07 11:46:45 Progress: 0.0%, dl from 1 of 30 peers (4 kB/s), ul to 0 (0 kB/s) [0.00]         
2024-12-07 11:46:45 Progress: 0.0%, dl from 6 of 30 peers (5 kB/s), ul to 0 (0 kB/s) [0.00]         
2024-12-07 11:46:45 Progress: 0.0%, dl from 6 of 30 peers (5 kB/s), ul to 0 (0 kB/s) [0.00]         
2024-12-07 11:46:55 Progress: 0.0%, dl from 6 of 30 peers (4 kB/s), ul to 0 (0 kB/s) [0.00]         
2024-12-07 11:46:55 Progress: 0.0%, dl from 6 of 31 peers (4 kB/s), ul to 0 (0 kB/s) [0.00]         
2024-12-07 11:46:55 Progress: 0.0%, dl from 6 of 32 peers (4 kB/s), ul to 0 (0 kB/s) [0.00]         
2024-12-07 11:46:55 Progress: 0.0%, dl from 6 of 33 peers (5 kB/s), ul to 0 (0 kB/s) [0.00]         
2024-12-07 11:46:55 Progress: 0.0%, dl from 6 of 33 peers (39 kB/s), ul to 0 (0 kB/s) [0.00]        
2024-12-07 11:46:55 Progress: 0.0%, dl from 6 of 34 peers (80 kB/s), ul to 0 (0 kB/s) [0.00]        
2024-12-07 11:46:55 Progress: 0.0%, dl from 6 of 34 peers (103 kB/s), ul to 0 (0 kB/s) [0.00]       
2024-12-07 11:46:55 Progress: 0.0%, dl from 6 of 34 peers (118 kB/s), ul to 0 (0 kB/s) [0.00]       
2024-12-07 11:46:55 Progress: 0.0%, dl from 6 of 34 peers (159 kB/s), ul to 0 (0 kB/s) [0.00]       
2024-12-07 11:46:55 Progress: 0.0%, dl from 6 of 35 peers (316 kB/s), ul to 0 (0 kB/s) [0.00]       
2024-12-07 11:46:55 Progress: 0.0%, dl from 6 of 36 peers (382 kB/s), ul to 0 (0 kB/s) [0.00]       
2024-12-07 11:46:55 Progress: 0.0%, dl from 7 of 37 peers (465 kB/s), ul to 0 (0 kB/s) [0.00]       
2024-12-07 11:46:55 Progress: 0.0%, dl from 7 of 37 peers (503 kB/s), ul to 0 (0 kB/s) [0.00]       
2024-12-07 11:46:55 Progress: 0.0%, dl from 7 of 37 peers (543 kB/s), ul to 0 (0 kB/s) [0.00]       
2024-12-07 11:46:55 Progress: 0.0%, dl from 7 of 39 peers (565 kB/s), ul to 0 (0 kB/s) [0.00]       
2024-12-07 11:46:55 Progress: 0.0%, dl from 13 of 41 peers (678 kB/s), ul to 0 (0 kB/s) [0.00]      
2024-12-07 11:46:55 Progress: 0.0%, dl from 19 of 41 peers (770 kB/s), ul to 0 (0 kB/s) [0.00]      
2024-12-07 11:46:55 Progress: 0.0%, dl from 20 of 41 peers (828 kB/s), ul to 0 (0 kB/s) [0.00]      
2024-12-07 11:46:55 Progress: 0.0%, dl from 21 of 41 peers (969 kB/s), ul to 0 (0 kB/s) [0.00]      
2024-12-07 11:46:55 Progress: 0.0%, dl from 22 of 41 peers (937 kB/s), ul to 0 (0 kB/s) [0.00]      
2024-12-07 11:46:55 Progress: 0.0%, dl from 22 of 41 peers (988 kB/s), ul to 0 (0 kB/s) [0.00]      
2024-12-07 11:46:55 Progress: 0.1%, dl from 23 of 41 peers (1.20 MB/s), ul to 0 (0 kB/s) [0.00]     
2024-12-07 11:46:56 Progress: 0.1%, dl from 23 of 42 peers (1.40 MB/s), ul to 0 (0 kB/s) [0.00]     
2024-12-07 11:46:56 Progress: 0.1%, dl from 24 of 42 peers (1.66 MB/s), ul to 0 (0 kB/s) [0.00]     
2024-12-07 11:46:56 Progress: 0.1%, dl from 24 of 42 peers (1.79 MB/s), ul to 0 (0 kB/s) [0.00]     
2024-12-07 11:46:56 Progress: 0.2%, dl from 24 of 42 peers (2.11 MB/s), ul to 0 (0 kB/s) [0.00]     
2024-12-07 11:46:56 Progress: 0.2%, dl from 24 of 42 peers (2.24 MB/s), ul to 0 (0 kB/s) [0.00]     
2024-12-07 11:46:56 Progress: 0.2%, dl from 24 of 42 peers (2.44 MB/s), ul to 0 (0 kB/s) [0.00]     
2024-12-07 11:46:56 Progress: 0.2%, dl from 24 of 42 peers (2.76 MB/s), ul to 0 (0 kB/s) [0.00]     
2024-12-07 11:46:56 Progress: 0.3%, dl from 24 of 44 peers (3.13 MB/s), ul to 0 (0 kB/s) [0.00]     
2024-12-07 11:46:56 Progress: 0.3%, dl from 24 of 44 peers (3.36 MB/s), ul to 0 (0 kB/s) [0.00]     
2024-12-07 11:46:56 Progress: 0.3%, dl from 24 of 48 peers (3.43 MB/s), ul to 0 (0 kB/s) [0.00]     
2024-12-07 11:46:56 Progress: 0.4%, dl from 24 of 48 peers (3.66 MB/s), ul to 1 (0 kB/s) [0.00]     
2024-12-07 11:46:56 Progress: 0.4%, dl from 24 of 48 peers (3.94 MB/s), ul to 1 (0 kB/s) [0.00]     
2024-12-07 11:46:56 Progress: 0.4%, dl from 24 of 49 peers (3.75 MB/s), ul to 1 (0 kB/s) [0.00]     
2024-12-07 11:46:56 Progress: 0.4%, dl from 24 of 50 peers (4.04 MB/s), ul to 1 (2 kB/s) [0.00]     
2024-12-07 11:46:56 Progress: 0.5%, dl from 24 of 50 peers (3.97 MB/s), ul to 1 (2 kB/s) [0.00]     
2024-12-07 11:46:56 Progress: 0.5%, dl from 24 of 50 peers (4.07 MB/s), ul to 1 (2 kB/s) [0.00]     
2024-12-07 11:46:56 Progress: 0.5%, dl from 24 of 50 peers (4.05 MB/s), ul to 1 (2 kB/s) [0.00]     
2024-12-07 11:46:56 Progress: 0.6%, dl from 24 of 50 peers (4.01 MB/s), ul to 1 (2 kB/s) [0.00]     
2024-12-07 11:46:56 Progress: 0.6%, dl from 24 of 50 peers (4.16 MB/s), ul to 1 (2 kB/s) [0.00]     
2024-12-07 11:46:56 Progress: 0.6%, dl from 24 of 50 peers (4.15 MB/s), ul to 1 (2 kB/s) [0.00]     
2024-12-07 11:46:56 Progress: 0.7%, dl from 24 of 50 peers (4.10 MB/s), ul to 1 (2 kB/s) [0.00]     
2024-12-07 11:46:56 Progress: 0.7%, dl from 25 of 50 peers (4.26 MB/s), ul to 1 (2 kB/s) [0.00]     
2024-12-07 11:46:56 Progress: 0.7%, dl from 25 of 50 peers (4.22 MB/s), ul to 1 (2 kB/s) [0.00]     
2024-12-07 11:46:56 Progress: 0.8%, dl from 25 of 50 peers (4.36 MB/s), ul to 1 (0 kB/s) [0.00]     
2024-12-07 11:46:56 Progress: 0.8%, dl from 25 of 50 peers (4.30 MB/s), ul to 1 (0 kB/s) [0.00]     
2024-12-07 11:46:56 Progress: 0.8%, dl from 25 of 50 peers (4.34 MB/s), ul to 1 (0 kB/s) [0.00]     
2024-12-07 11:46:56 Progress: 0.9%, dl from 31 of 50 peers (4.32 MB/s), ul to 1 (0 kB/s) [0.00]     
2024-12-07 11:46:56 Progress: 0.9%, dl from 31 of 51 peers (4.30 MB/s), ul to 1 (2 kB/s) [0.00]     
2024-12-07 11:46:56 Progress: 0.9%, dl from 33 of 50 peers (4.25 MB/s), ul to 1 (2 kB/s) [0.00]     
2024-12-07 11:47:05 Progress: 1.0%, dl from 38 of 50 peers (4.05 MB/s), ul to 1 (2 kB/s) [0.00]     
2024-12-07 11:47:05 Progress: 1.0%, dl from 38 of 50 peers (4.04 MB/s), ul to 1 (4 kB/s) [0.00]     
2024-12-07 11:47:05 Progress: 1.0%, dl from 38 of 50 peers (4.03 MB/s), ul to 1 (4 kB/s) [0.00]     
2024-12-07 11:47:05 Progress: 1.1%, dl from 40 of 50 peers (4.03 MB/s), ul to 1 (4 kB/s) [0.00]     
2024-12-07 11:47:05 Progress: 1.1%, dl from 41 of 50 peers (4.02 MB/s), ul to 1 (4 kB/s) [0.00]     
2024-12-07 11:47:05 Progress: 1.1%, dl from 41 of 50 peers (3.92 MB/s), ul to 1 (6 kB/s) [0.00]     
2024-12-07 11:47:05 Progress: 1.1%, dl from 42 of 50 peers (3.86 MB/s), ul to 1 (6 kB/s) [0.00]     
2024-12-07 11:47:05 Progress: 1.2%, dl from 42 of 50 peers (3.82 MB/s), ul to 1 (11 kB/s) [0.00]    
2024-12-07 11:47:05 Progress: 1.2%, dl from 42 of 50 peers (3.80 MB/s), ul to 1 (9 kB/s) [0.00]     
2024-12-07 11:47:05 Progress: 1.2%, dl from 42 of 50 peers (3.86 MB/s), ul to 1 (9 kB/s) [0.00]     
2024-12-07 11:47:05 Progress: 1.3%, dl from 42 of 50 peers (3.71 MB/s), ul to 1 (15 kB/s) [0.00]    
2024-12-07 11:47:05 Progress: 1.3%, dl from 42 of 50 peers (3.53 MB/s), ul to 1 (12 kB/s) [0.00]    
2024-12-07 11:47:05 Progress: 1.3%, dl from 42 of 50 peers (3.50 MB/s), ul to 1 (19 kB/s) [0.00]    
2024-12-07 11:47:05 Progress: 1.3%, dl from 42 of 50 peers (3.35 MB/s), ul to 1 (19 kB/s) [0.00]    
2024-12-07 11:47:05 Progress: 1.4%, dl from 42 of 50 peers (3.44 MB/s), ul to 1 (16 kB/s) [0.00]    
2024-12-07 11:47:05 Progress: 1.4%, dl from 43 of 50 peers (3.88 MB/s), ul to 1 (16 kB/s) [0.00]    
2024-12-07 11:47:05 Progress: 1.4%, dl from 43 of 50 peers (3.86 MB/s), ul to 1 (16 kB/s) [0.00]    
2024-12-07 11:47:05 Progress: 1.5%, dl from 45 of 50 peers (3.91 MB/s), ul to 1 (12 kB/s) [0.00]    
2024-12-07 11:47:05 Progress: 1.5%, dl from 45 of 50 peers (3.87 MB/s), ul to 1 (12 kB/s) [0.00]    
2024-12-07 11:47:05 Progress: 1.5%, dl from 45 of 50 peers (4.03 MB/s), ul to 1 (12 kB/s) [0.00]    
2024-12-07 11:47:05 Progress: 1.5%, dl from 45 of 50 peers (3.92 MB/s), ul to 1 (6 kB/s) [0.00]     
2024-12-07 11:47:05 Progress: 1.6%, dl from 45 of 50 peers (4.10 MB/s), ul to 1 (7 kB/s) [0.00]     
2024-12-07 11:47:05 Progress: 1.6%, dl from 45 of 50 peers (4.10 MB/s), ul to 1 (0 kB/s) [0.00]     
2024-12-07 11:47:05 Progress: 1.6%, dl from 45 of 50 peers (4.24 MB/s), ul to 1 (2 kB/s) [0.00]     
2024-12-07 11:47:05 Progress: 1.7%, dl from 45 of 50 peers (4.22 MB/s), ul to 1 (2 kB/s) [0.00]     
2024-12-07 11:47:05 Progress: 1.7%, dl from 45 of 50 peers (4.26 MB/s), ul to 1 (4 kB/s) [0.00]     
2024-12-07 11:47:05 Progress: 1.7%, dl from 45 of 50 peers (4.26 MB/s), ul to 1 (4 kB/s) [0.00]     
2024-12-07 11:47:05 Progress: 1.8%, dl from 45 of 50 peers (4.22 MB/s), ul to 1 (4 kB/s) [0.00]     
2024-12-07 11:47:05 Progress: 1.8%, dl from 45 of 50 peers (4.30 MB/s), ul to 1 (4 kB/s) [0.00]     
2024-12-07 11:47:05 Progress: 1.8%, dl from 45 of 50 peers (4.29 MB/s), ul to 1 (4 kB/s) [0.00]     
2024-12-07 11:47:05 Progress: 1.9%, dl from 45 of 50 peers (4.49 MB/s), ul to 1 (4 kB/s) [0.00]     
2024-12-07 11:47:05 Progress: 1.9%, dl from 45 of 50 peers (4.47 MB/s), ul to 1 (4 kB/s) [0.00]     
2024-12-07 11:47:05 Progress: 1.9%, dl from 45 of 50 peers (4.44 MB/s), ul to 1 (4 kB/s) [0.00]     
2024-12-07 11:47:05 Progress: 2.0%, dl from 45 of 50 peers (4.46 MB/s), ul to 1 (3 kB/s) [0.00]     
2024-12-07 11:47:05 Progress: 2.0%, dl from 45 of 50 peers (4.46 MB/s), ul to 1 (3 kB/s) [0.00]     
2024-12-07 11:47:05 Progress: 2.0%, dl from 45 of 50 peers (4.46 MB/s), ul to 1 (1 kB/s) [0.00]     
2024-12-07 11:47:05 Progress: 2.1%, dl from 45 of 50 peers (4.45 MB/s), ul to 1 (1 kB/s) [0.00]     
2024-12-07 11:47:05 Progress: 2.1%, dl from 45 of 50 peers (4.47 MB/s), ul to 1 (1 kB/s) [0.00]     
2024-12-07 11:47:05 Progress: 2.1%, dl from 45 of 50 peers (4.46 MB/s), ul to 1 (1 kB/s) [0.00]     
2024-12-07 11:47:05 Progress: 2.2%, dl from 45 of 51 peers (4.39 MB/s), ul to 1 (1 kB/s) [0.00]     
2024-12-07 11:47:05 Progress: 2.2%, dl from 45 of 51 peers (4.35 MB/s), ul to 1 (1 kB/s) [0.00]     
2024-12-07 11:47:05 Progress: 2.2%, dl from 45 of 50 peers (4.36 MB/s), ul to 1 (1 kB/s) [0.00]     
2024-12-07 11:47:05 Progress: 2.3%, dl from 45 of 51 peers (4.31 MB/s), ul to 1 (1 kB/s) [0.00]     
2024-12-07 11:47:05 Progress: 2.3%, dl from 45 of 51 peers (4.32 MB/s), ul to 1 (0 kB/s) [0.00]     
2024-12-07 11:47:05 Progress: 2.3%, dl from 45 of 50 peers (4.25 MB/s), ul to 1 (0 kB/s) [0.00]     
2024-12-07 11:47:05 Progress: 2.4%, dl from 45 of 50 peers (4.23 MB/s), ul to 1 (0 kB/s) [0.00]     
2024-12-07 11:47:05 Progress: 2.4%, dl from 45 of 50 peers (4.27 MB/s), ul to 1 (0 kB/s) [0.00]     
2024-12-07 11:47:05 Progress: 2.4%, dl from 45 of 50 peers (4.21 MB/s), ul to 1 (0 kB/s) [0.00]     
2024-12-07 11:47:05 Progress: 2.5%, dl from 45 of 50 peers (4.24 MB/s), ul to 1 (0 kB/s) [0.00]     
2024-12-07 11:47:05 Progress: 2.5%, dl from 45 of 50 peers (4.19 MB/s), ul to 1 (0 kB/s) [0.00]     
2024-12-07 11:47:15 Progress: 2.5%, dl from 44 of 50 peers (4.26 MB/s), ul to 1 (0 kB/s) [0.00]     
2024-12-07 11:47:15 Progress: 2.6%, dl from 44 of 50 peers (4.26 MB/s), ul to 1 (0 kB/s) [0.00]     
2024-12-07 11:47:15 Progress: 2.6%, dl from 45 of 50 peers (4.24 MB/s), ul to 1 (0 kB/s) [0.00]     
2024-12-07 11:47:15 Progress: 2.6%, dl from 45 of 50 peers (4.25 MB/s), ul to 1 (0 kB/s) [0.00]     
2024-12-07 11:47:15 Progress: 2.7%, dl from 45 of 50 peers (4.20 MB/s), ul to 1 (0 kB/s) [0.00]     
2024-12-07 11:47:15 Progress: 2.7%, dl from 45 of 50 peers (4.17 MB/s), ul to 1 (0 kB/s) [0.00]     
2024-12-07 11:47:15 Progress: 2.7%, dl from 45 of 50 peers (4.17 MB/s), ul to 1 (0 kB/s) [0.00]     
2024-12-07 11:47:15 Progress: 2.8%, dl from 45 of 50 peers (4.19 MB/s), ul to 1 (0 kB/s) [0.00]     
2024-12-07 11:47:15 Progress: 2.8%, dl from 46 of 50 peers (4.17 MB/s), ul to 1 (0 kB/s) [0.00]     
2024-12-07 11:47:15 Progress: 2.8%, dl from 46 of 50 peers (4.06 MB/s), ul to 1 (0 kB/s) [0.00]     
2024-12-07 11:47:16 Progress: 2.8%, dl from 46 of 50 peers (4.04 MB/s), ul to 1 (0 kB/s) [0.00]     
2024-12-07 11:47:16 Progress: 2.9%, dl from 46 of 50 peers (4.03 MB/s), ul to 1 (0 kB/s) [0.00]     
2024-12-07 11:47:16 Progress: 2.9%, dl from 46 of 50 peers (4.02 MB/s), ul to 1 (0 kB/s) [0.00]     
2024-12-07 11:47:16 Progress: 2.9%, dl from 46 of 50 peers (4.05 MB/s), ul to 1 (0 kB/s) [0.00]     
2024-12-07 11:47:16 Progress: 3.0%, dl from 46 of 50 peers (4.05 MB/s), ul to 1 (0 kB/s) [0.00]     
2024-12-07 11:47:16 Progress: 3.0%, dl from 46 of 50 peers (4.07 MB/s), ul to 1 (0 kB/s) [0.00]     
2024-12-07 11:47:16 Progress: 3.0%, dl from 46 of 50 peers (4.02 MB/s), ul to 1 (0 kB/s) [0.00]     
2024-12-07 11:47:16 Progress: 3.1%, dl from 46 of 50 peers (4.49 MB/s), ul to 1 (0 kB/s) [0.00]     
2024-12-07 11:47:16 Progress: 3.1%, dl from 46 of 50 peers (4.47 MB/s), ul to 1 (0 kB/s) [0.00]     
2024-12-07 11:47:16 Progress: 3.1%, dl from 46 of 50 peers (4.46 MB/s), ul to 1 (0 kB/s) [0.00]     
2024-12-07 11:47:16 Progress: 3.2%, dl from 46 of 50 peers (4.53 MB/s), ul to 1 (0 kB/s) [0.00]     
2024-12-07 11:47:16 Progress: 3.2%, dl from 46 of 50 peers (4.50 MB/s), ul to 1 (0 kB/s) [0.00]     
2024-12-07 11:47:16 Progress: 3.2%, dl from 46 of 50 peers (4.45 MB/s), ul to 1 (0 kB/s) [0.00]     
2024-12-07 11:47:16 Progress: 3.3%, dl from 46 of 50 peers (4.45 MB/s), ul to 1 (0 kB/s) [0.00]     
2024-12-07 11:47:16 Progress: 3.3%, dl from 46 of 50 peers (4.43 MB/s), ul to 1 (0 kB/s) [0.00]     
2024-12-07 11:47:16 Progress: 3.3%, dl from 46 of 50 peers (4.45 MB/s), ul to 1 (0 kB/s) [0.00]     
2024-12-07 11:47:16 Progress: 3.4%, dl from 46 of 50 peers (4.46 MB/s), ul to 1 (0 kB/s) [0.00]     
2024-12-07 11:47:16 Progress: 3.4%, dl from 46 of 50 peers (4.40 MB/s), ul to 1 (0 kB/s) [0.00]     
2024-12-07 11:47:16 Progress: 3.4%, dl from 46 of 50 peers (4.37 MB/s), ul to 1 (0 kB/s) [0.00]     
2024-12-07 11:47:16 Progress: 3.5%, dl from 46 of 50 peers (4.41 MB/s), ul to 1 (0 kB/s) [0.00]     
2024-12-07 11:47:16 Progress: 3.5%, dl from 46 of 50 peers (4.32 MB/s), ul to 1 (0 kB/s) [0.00]     
2024-12-07 11:47:16 Progress: 3.5%, dl from 46 of 50 peers (4.31 MB/s), ul to 1 (0 kB/s) [0.00]     
2024-12-07 11:47:16 Progress: 3.6%, dl from 46 of 50 peers (4.32 MB/s), ul to 1 (0 kB/s) [0.00]     
2024-12-07 11:47:16 Progress: 3.6%, dl from 46 of 50 peers (4.33 MB/s), ul to 1 (0 kB/s) [0.00]     
2024-12-07 11:47:16 Progress: 3.6%, dl from 46 of 50 peers (4.30 MB/s), ul to 1 (0 kB/s) [0.00]     
2024-12-07 11:47:16 Progress: 3.7%, dl from 46 of 50 peers (4.32 MB/s), ul to 1 (0 kB/s) [0.00]     
2024-12-07 11:47:16 Progress: 3.7%, dl from 46 of 50 peers (4.34 MB/s), ul to 1 (0 kB/s) [0.00]     
2024-12-07 11:47:16 Progress: 3.7%, dl from 46 of 50 peers (4.28 MB/s), ul to 1 (0 kB/s) [0.00]     
2024-12-07 11:47:16 Progress: 3.8%, dl from 46 of 50 peers (4.27 MB/s), ul to 1 (0 kB/s) [0.00]     
2024-12-07 11:47:16 Progress: 3.8%, dl from 46 of 50 peers (4.29 MB/s), ul to 1 (0 kB/s) [0.00]     
2024-12-07 11:47:16 Progress: 3.8%, dl from 46 of 50 peers (4.32 MB/s), ul to 1 (0 kB/s) [0.00]     
2024-12-07 11:47:16 Progress: 3.9%, dl from 46 of 50 peers (4.31 MB/s), ul to 1 (0 kB/s) [0.00]     
2024-12-07 11:47:16 Progress: 3.9%, dl from 46 of 50 peers (4.27 MB/s), ul to 1 (0 kB/s) [0.00]     
2024-12-07 11:47:16 Progress: 3.9%, dl from 46 of 50 peers (4.30 MB/s), ul to 1 (0 kB/s) [0.00]     
2024-12-07 11:47:16 Progress: 4.0%, dl from 46 of 50 peers (4.27 MB/s), ul to 1 (0 kB/s) [0.00]     
2024-12-07 11:47:16 Progress: 4.0%, dl from 47 of 50 peers (4.28 MB/s), ul to 1 (0 kB/s) [0.00]     
2024-12-07 11:47:16 Progress: 4.0%, dl from 47 of 50 peers (4.29 MB/s), ul to 1 (4 kB/s) [0.00]     
2024-12-07 11:47:16 Progress: 4.1%, dl from 47 of 50 peers (4.29 MB/s), ul to 1 (4 kB/s) [0.00]     
2024-12-07 11:47:16 Progress: 4.1%, dl from 47 of 50 peers (4.32 MB/s), ul to 1 (4 kB/s) [0.00]     
2024-12-07 11:47:16 Progress: 4.1%, dl from 47 of 50 peers (4.29 MB/s), ul to 1 (5 kB/s) [0.00]     
2024-12-07 11:47:16 Progress: 4.2%, dl from 47 of 50 peers (4.28 MB/s), ul to 1 (7 kB/s) [0.00]     
2024-12-07 11:47:26 Progress: 4.2%, dl from 47 of 50 peers (4.34 MB/s), ul to 1 (7 kB/s) [0.00]     
2024-12-07 11:47:26 Progress: 4.2%, dl from 47 of 50 peers (4.31 MB/s), ul to 1 (7 kB/s) [0.00]     
2024-12-07 11:47:26 Progress: 4.3%, dl from 48 of 50 peers (4.22 MB/s), ul to 1 (11 kB/s) [0.00]    
2024-12-07 11:47:26 Progress: 4.3%, dl from 48 of 50 peers (4.20 MB/s), ul to 1 (11 kB/s) [0.00]    
2024-12-07 11:47:26 Progress: 4.3%, dl from 48 of 50 peers (4.19 MB/s), ul to 1 (11 kB/s) [0.00]    
2024-12-07 11:47:26 Progress: 4.4%, dl from 48 of 50 peers (4.19 MB/s), ul to 1 (9 kB/s) [0.00]     
2024-12-07 11:47:26 Progress: 4.4%, dl from 48 of 50 peers (4.17 MB/s), ul to 1 (9 kB/s) [0.00]     
2024-12-07 11:47:26 Progress: 4.4%, dl from 48 of 50 peers (4.13 MB/s), ul to 1 (12 kB/s) [0.00]    
2024-12-07 11:47:26 Progress: 4.5%, dl from 48 of 50 peers (4.13 MB/s), ul to 1 (8 kB/s) [0.00]     
2024-12-07 11:47:26 Progress: 4.5%, dl from 48 of 50 peers (4.12 MB/s), ul to 1 (8 kB/s) [0.00]     
2024-12-07 11:47:26 Progress: 4.5%, dl from 48 of 50 peers (4.13 MB/s), ul to 1 (8 kB/s) [0.00]     
2024-12-07 11:47:26 Progress: 4.6%, dl from 48 of 50 peers (4.60 MB/s), ul to 1 (8 kB/s) [0.00]     
2024-12-07 11:47:26 Progress: 4.6%, dl from 48 of 50 peers (4.62 MB/s), ul to 1 (5 kB/s) [0.00]     
2024-12-07 11:47:26 Progress: 4.6%, dl from 48 of 50 peers (4.64 MB/s), ul to 1 (5 kB/s) [0.00]     
2024-12-07 11:47:26 Progress: 4.7%, dl from 48 of 50 peers (4.65 MB/s), ul to 1 (5 kB/s) [0.00]     
2024-12-07 11:47:26 Progress: 4.7%, dl from 48 of 50 peers (4.62 MB/s), ul to 1 (2 kB/s) [0.00]     
2024-12-07 11:47:26 Progress: 4.7%, dl from 48 of 50 peers (4.60 MB/s), ul to 1 (2 kB/s) [0.00]     
2024-12-07 11:47:26 Progress: 4.8%, dl from 48 of 50 peers (4.59 MB/s), ul to 1 (0 kB/s) [0.00]     
2024-12-07 11:47:26 Progress: 4.8%, dl from 48 of 50 peers (4.61 MB/s), ul to 1 (0 kB/s) [0.00]     
2024-12-07 11:47:26 Progress: 4.8%, dl from 48 of 50 peers (4.57 MB/s), ul to 1 (0 kB/s) [0.00]     
2024-12-07 11:47:26 Progress: 4.9%, dl from 48 of 50 peers (4.52 MB/s), ul to 1 (0 kB/s) [0.00]     
2024-12-07 11:47:26 Progress: 4.9%, dl from 48 of 50 peers (4.51 MB/s), ul to 1 (0 kB/s) [0.00]     
2024-12-07 11:47:26 Progress: 4.9%, dl from 47 of 50 peers (4.54 MB/s), ul to 1 (0 kB/s) [0.00]     
2024-12-07 11:47:26 Progress: 5.0%, dl from 47 of 50 peers (4.50 MB/s), ul to 1 (0 kB/s) [0.00]     
2024-12-07 11:47:26 Progress: 5.0%, dl from 47 of 50 peers (4.52 MB/s), ul to 1 (0 kB/s) [0.00]     
2024-12-07 11:47:26 Progress: 5.0%, dl from 47 of 50 peers (4.49 MB/s), ul to 1 (0 kB/s) [0.00]     
2024-12-07 11:47:26 Progress: 5.1%, dl from 47 of 50 peers (4.45 MB/s), ul to 1 (0 kB/s) [0.00]     
2024-12-07 11:47:26 Progress: 5.1%, dl from 47 of 50 peers (4.43 MB/s), ul to 1 (0 kB/s) [0.00]     
2024-12-07 11:47:26 Progress: 5.1%, dl from 47 of 50 peers (4.45 MB/s), ul to 1 (0 kB/s) [0.00]     
2024-12-07 11:47:26 Progress: 5.2%, dl from 47 of 50 peers (4.40 MB/s), ul to 1 (0 kB/s) [0.00]     
2024-12-07 11:47:26 Progress: 5.2%, dl from 47 of 50 peers (4.42 MB/s), ul to 1 (0 kB/s) [0.00]     
2024-12-07 11:47:26 Progress: 5.2%, dl from 47 of 50 peers (4.38 MB/s), ul to 1 (0 kB/s) [0.00]     
2024-12-07 11:47:26 Progress: 5.3%, dl from 47 of 50 peers (4.39 MB/s), ul to 1 (0 kB/s) [0.00]     
2024-12-07 11:47:26 Progress: 5.3%, dl from 47 of 50 peers (4.38 MB/s), ul to 1 (0 kB/s) [0.00]     
2024-12-07 11:47:26 Progress: 5.3%, dl from 47 of 50 peers (4.37 MB/s), ul to 1 (0 kB/s) [0.00]     
2024-12-07 11:47:26 Progress: 5.4%, dl from 47 of 50 peers (4.29 MB/s), ul to 1 (0 kB/s) [0.00]     
2024-12-07 11:47:26 Progress: 5.4%, dl from 47 of 50 peers (4.31 MB/s), ul to 1 (0 kB/s) [0.00]     
2024-12-07 11:47:26 Progress: 5.4%, dl from 47 of 50 peers (4.25 MB/s), ul to 1 (0 kB/s) [0.00]     
2024-12-07 11:47:26 Progress: 5.5%, dl from 47 of 50 peers (4.27 MB/s), ul to 1 (0 kB/s) [0.00]     
2024-12-07 11:47:26 Progress: 5.5%, dl from 47 of 50 peers (4.25 MB/s), ul to 1 (0 kB/s) [0.00]     
2024-12-07 11:47:26 Progress: 5.5%, dl from 47 of 50 peers (4.26 MB/s), ul to 1 (0 kB/s) [0.00]     
2024-12-07 11:47:26 Progress: 5.6%, dl from 47 of 50 peers (4.22 MB/s), ul to 1 (0 kB/s) [0.00]     
2024-12-07 11:47:26 Progress: 5.6%, dl from 47 of 50 peers (4.16 MB/s), ul to 1 (0 kB/s) [0.00]     
2024-12-07 11:47:26 Progress: 5.6%, dl from 47 of 50 peers (4.19 MB/s), ul to 1 (0 kB/s) [0.00]     
2024-12-07 11:47:26 Progress: 5.7%, dl from 47 of 50 peers (4.24 MB/s), ul to 1 (0 kB/s) [0.00]     
2024-12-07 11:47:26 Progress: 5.7%, dl from 47 of 50 peers (4.20 MB/s), ul to 1 (0 kB/s) [0.00]     
2024-12-07 11:47:26 Progress: 5.7%, dl from 47 of 50 peers (4.18 MB/s), ul to 1 (0 kB/s) [0.00]     
2024-12-07 11:47:26 Progress: 5.8%, dl from 47 of 50 peers (4.18 MB/s), ul to 1 (0 kB/s) [0.00]     
2024-12-07 11:47:26 Progress: 5.8%, dl from 47 of 50 peers (4.17 MB/s), ul to 1 (0 kB/s) [0.00]     
2024-12-07 11:47:26 Progress: 5.8%, dl from 47 of 50 peers (4.18 MB/s), ul to 1 (0 kB/s) [0.00]     
2024-12-07 11:47:26 Progress: 5.9%, dl from 47 of 50 peers (4.14 MB/s), ul to 1 (3 kB/s) [0.00]     
2024-12-07 11:47:36 Progress: 5.9%, dl from 47 of 50 peers (4.12 MB/s), ul to 1 (3 kB/s) [0.00]     
2024-12-07 11:47:36 Progress: 5.9%, dl from 47 of 50 peers (4.06 MB/s), ul to 1 (7 kB/s) [0.00]     
2024-12-07 11:47:36 Progress: 6.0%, dl from 47 of 50 peers (4.05 MB/s), ul to 1 (7 kB/s) [0.00]     
2024-12-07 11:47:36 Progress: 6.0%, dl from 47 of 50 peers (4.08 MB/s), ul to 1 (7 kB/s) [0.00]     
2024-12-07 11:47:36 Progress: 6.0%, dl from 47 of 50 peers (4.09 MB/s), ul to 1 (7 kB/s) [0.00]     
2024-12-07 11:47:36 Progress: 6.1%, dl from 47 of 50 peers (4.59 MB/s), ul to 1 (10 kB/s) [0.00]    
2024-12-07 11:47:36 Progress: 6.1%, dl from 47 of 50 peers (4.53 MB/s), ul to 1 (10 kB/s) [0.00]    
2024-12-07 11:47:36 Progress: 6.1%, dl from 47 of 50 peers (4.51 MB/s), ul to 1 (10 kB/s) [0.00]    
2024-12-07 11:47:36 Progress: 6.2%, dl from 47 of 50 peers (4.54 MB/s), ul to 1 (10 kB/s) [0.00]    
2024-12-07 11:47:36 Progress: 6.2%, dl from 47 of 50 peers (4.55 MB/s), ul to 1 (6 kB/s) [0.00]     
2024-12-07 11:47:36 Progress: 6.2%, dl from 47 of 50 peers (4.68 MB/s), ul to 1 (6 kB/s) [0.00]     
2024-12-07 11:47:36 Progress: 6.3%, dl from 47 of 50 peers (4.64 MB/s), ul to 1 (2 kB/s) [0.00]     
2024-12-07 11:47:36 Progress: 6.3%, dl from 47 of 50 peers (4.63 MB/s), ul to 1 (2 kB/s) [0.00]     
2024-12-07 11:47:36 Progress: 6.3%, dl from 47 of 50 peers (4.66 MB/s), ul to 1 (3 kB/s) [0.00]     
2024-12-07 11:47:36 Progress: 6.4%, dl from 47 of 50 peers (4.60 MB/s), ul to 1 (3 kB/s) [0.00]     
2024-12-07 11:47:36 Progress: 6.4%, dl from 47 of 50 peers (4.58 MB/s), ul to 1 (0 kB/s) [0.00]     
2024-12-07 11:47:36 Progress: 6.4%, dl from 46 of 49 peers (4.54 MB/s), ul to 1 (0 kB/s) [0.00]     
2024-12-07 11:47:36 Progress: 6.5%, dl from 46 of 49 peers (4.54 MB/s), ul to 1 (0 kB/s) [0.00]     
2024-12-07 11:47:36 Progress: 6.5%, dl from 46 of 49 peers (4.49 MB/s), ul to 1 (0 kB/s) [0.00]     
2024-12-07 11:47:36 Progress: 6.5%, dl from 46 of 49 peers (4.49 MB/s), ul to 1 (1 kB/s) [0.00]     
2024-12-07 11:47:36 Progress: 6.6%, dl from 46 of 49 peers (4.46 MB/s), ul to 1 (1 kB/s) [0.00]     
2024-12-07 11:47:36 Progress: 6.6%, dl from 46 of 49 peers (4.46 MB/s), ul to 1 (1 kB/s) [0.00]     
2024-12-07 11:47:36 Progress: 6.6%, dl from 46 of 49 peers (4.43 MB/s), ul to 1 (1 kB/s) [0.00]     
2024-12-07 11:47:36 Progress: 6.7%, dl from 46 of 49 peers (4.42 MB/s), ul to 1 (1 kB/s) [0.00]     
2024-12-07 11:47:36 Progress: 6.7%, dl from 46 of 49 peers (4.40 MB/s), ul to 1 (1 kB/s) [0.00]     
2024-12-07 11:47:36 Progress: 6.7%, dl from 46 of 49 peers (4.46 MB/s), ul to 1 (1 kB/s) [0.00]     
2024-12-07 11:47:36 Progress: 6.8%, dl from 45 of 50 peers (4.43 MB/s), ul to 1 (1 kB/s) [0.00]     
2024-12-07 11:47:36 Progress: 6.8%, dl from 45 of 51 peers (4.41 MB/s), ul to 1 (1 kB/s) [0.00]     
2024-12-07 11:47:36 Progress: 6.8%, dl from 45 of 51 peers (4.43 MB/s), ul to 1 (1 kB/s) [0.00]     
2024-12-07 11:47:36 Progress: 6.9%, dl from 44 of 50 peers (4.42 MB/s), ul to 1 (0 kB/s) [0.00]     
2024-12-07 11:47:36 Progress: 6.9%, dl from 44 of 50 peers (4.40 MB/s), ul to 1 (0 kB/s) [0.00]     
2024-12-07 11:47:36 Progress: 6.9%, dl from 44 of 50 peers (4.43 MB/s), ul to 1 (1 kB/s) [0.00]     
2024-12-07 11:47:36 Progress: 7.0%, dl from 44 of 50 peers (4.39 MB/s), ul to 1 (1 kB/s) [0.00]     
2024-12-07 11:47:36 Progress: 7.0%, dl from 44 of 50 peers (4.39 MB/s), ul to 1 (0 kB/s) [0.00]     
2024-12-07 11:47:36 Progress: 7.0%, dl from 44 of 51 peers (4.39 MB/s), ul to 1 (0 kB/s) [0.00]     
2024-12-07 11:47:36 Progress: 7.1%, dl from 44 of 51 peers (4.36 MB/s), ul to 1 (0 kB/s) [0.00]     
2024-12-07 11:47:36 Progress: 7.1%, dl from 44 of 50 peers (4.39 MB/s), ul to 1 (1 kB/s) [0.00]     
2024-12-07 11:47:36 Progress: 7.1%, dl from 44 of 50 peers (4.33 MB/s), ul to 1 (1 kB/s) [0.00]     
2024-12-07 11:47:36 Progress: 7.2%, dl from 44 of 50 peers (4.31 MB/s), ul to 1 (1 kB/s) [0.00]     
2024-12-07 11:47:37 Progress: 7.2%, dl from 44 of 50 peers (4.31 MB/s), ul to 1 (1 kB/s) [0.00]     
2024-12-07 11:47:37 Progress: 7.2%, dl from 44 of 50 peers (4.31 MB/s), ul to 1 (1 kB/s) [0.00]     
2024-12-07 11:47:37 Progress: 7.3%, dl from 44 of 50 peers (4.26 MB/s), ul to 1 (0 kB/s) [0.00]     
2024-12-07 11:47:37 Progress: 7.3%, dl from 44 of 50 peers (4.22 MB/s), ul to 1 (0 kB/s) [0.00]     
2024-12-07 11:47:37 Progress: 7.3%, dl from 44 of 50 peers (4.24 MB/s), ul to 1 (0 kB/s) [0.00]     
2024-12-07 11:47:37 Progress: 7.4%, dl from 47 of 50 peers (4.21 MB/s), ul to 1 (1 kB/s) [0.00]     
2024-12-07 11:47:37 Progress: 7.4%, dl from 47 of 50 peers (4.18 MB/s), ul to 1 (1 kB/s) [0.00]     
2024-12-07 11:47:37 Progress: 7.4%, dl from 46 of 49 peers (4.14 MB/s), ul to 1 (0 kB/s) [0.00]     
2024-12-07 11:47:37 Progress: 7.5%, dl from 46 of 49 peers (4.12 MB/s), ul to 1 (1 kB/s) [0.00]     
2024-12-07 11:47:37 Progress: 7.5%, dl from 46 of 49 peers (4.13 MB/s), ul to 1 (1 kB/s) [0.00]     
2024-12-07 11:47:37 Progress: 7.5%, dl from 46 of 49 peers (4.07 MB/s), ul to 1 (1 kB/s) [0.00]     
2024-12-07 11:47:46 Progress: 7.6%, dl from 46 of 49 peers (4.11 MB/s), ul to 1 (2 kB/s) [0.00]     
2024-12-07 11:47:46 Progress: 7.6%, dl from 43 of 46 peers (4.15 MB/s), ul to 1 (2 kB/s) [0.00]     
2024-12-07 11:47:46 Progress: 7.6%, dl from 44 of 46 peers (4.07 MB/s), ul to 1 (2 kB/s) [0.00]     
2024-12-07 11:47:46 Progress: 7.7%, dl from 44 of 46 peers (4.11 MB/s), ul to 1 (1 kB/s) [0.00]     
2024-12-07 11:47:46 Progress: 7.7%, dl from 44 of 46 peers (4.04 MB/s), ul to 1 (1 kB/s) [0.00]     
2024-12-07 11:47:46 Progress: 7.7%, dl from 44 of 46 peers (4.53 MB/s), ul to 1 (1 kB/s) [0.00]     
2024-12-07 11:47:46 Progress: 7.8%, dl from 43 of 45 peers (4.54 MB/s), ul to 1 (1 kB/s) [0.00]     
2024-12-07 11:47:46 Progress: 7.8%, dl from 43 of 45 peers (4.47 MB/s), ul to 1 (0 kB/s) [0.00]     
2024-12-07 11:47:46 Progress: 7.8%, dl from 43 of 47 peers (4.44 MB/s), ul to 1 (0 kB/s) [0.00]     
2024-12-07 11:47:46 Progress: 7.9%, dl from 43 of 48 peers (4.39 MB/s), ul to 1 (0 kB/s) [0.00]     
2024-12-07 11:47:46 Progress: 7.9%, dl from 43 of 48 peers (4.39 MB/s), ul to 1 (0 kB/s) [0.00]     
2024-12-07 11:47:46 Progress: 7.9%, dl from 40 of 45 peers (4.40 MB/s), ul to 1 (0 kB/s) [0.00]     
2024-12-07 11:47:46 Progress: 8.0%, dl from 40 of 46 peers (4.40 MB/s), ul to 1 (0 kB/s) [0.00]     
2024-12-07 11:47:46 Progress: 8.0%, dl from 40 of 46 peers (4.41 MB/s), ul to 1 (0 kB/s) [0.00]     
2024-12-07 11:47:46 Progress: 8.0%, dl from 40 of 46 peers (4.43 MB/s), ul to 1 (0 kB/s) [0.00]     
2024-12-07 11:47:46 Progress: 8.1%, dl from 40 of 46 peers (4.42 MB/s), ul to 1 (0 kB/s) [0.00]     
2024-12-07 11:47:46 Progress: 8.1%, dl from 40 of 46 peers (4.46 MB/s), ul to 1 (0 kB/s) [0.00]     
2024-12-07 11:47:46 Progress: 8.1%, dl from 40 of 46 peers (4.47 MB/s), ul to 1 (0 kB/s) [0.00]     
2024-12-07 11:47:46 Progress: 8.2%, dl from 40 of 46 peers (4.51 MB/s), ul to 1 (0 kB/s) [0.00]     
2024-12-07 11:47:46 Progress: 8.2%, dl from 40 of 47 peers (4.47 MB/s), ul to 1 (0 kB/s) [0.00]     
2024-12-07 11:47:46 Progress: 8.2%, dl from 40 of 47 peers (4.49 MB/s), ul to 1 (0 kB/s) [0.00]     
2024-12-07 11:47:46 Progress: 8.3%, dl from 38 of 45 peers (4.46 MB/s), ul to 1 (0 kB/s) [0.00]     
2024-12-07 11:47:46 Progress: 8.3%, dl from 38 of 45 peers (4.43 MB/s), ul to 1 (0 kB/s) [0.00]     
2024-12-07 11:47:46 Progress: 8.3%, dl from 38 of 46 peers (4.40 MB/s), ul to 1 (0 kB/s) [0.00]     
2024-12-07 11:47:46 Progress: 8.4%, dl from 38 of 47 peers (4.43 MB/s), ul to 1 (0 kB/s) [0.00]     
2024-12-07 11:47:46 Progress: 8.4%, dl from 38 of 47 peers (4.40 MB/s), ul to 1 (0 kB/s) [0.00]     
2024-12-07 11:47:46 Progress: 8.4%, dl from 35 of 45 peers (4.40 MB/s), ul to 1 (0 kB/s) [0.00]     
2024-12-07 11:47:46 Progress: 8.5%, dl from 35 of 45 peers (4.33 MB/s), ul to 1 (0 kB/s) [0.00]     
2024-12-07 11:47:46 Progress: 8.5%, dl from 35 of 45 peers (4.31 MB/s), ul to 1 (0 kB/s) [0.00]     
2024-12-07 11:47:46 Progress: 8.5%, dl from 35 of 46 peers (4.30 MB/s), ul to 1 (0 kB/s) [0.00]     
2024-12-07 11:47:46 Progress: 8.6%, dl from 35 of 46 peers (4.27 MB/s), ul to 1 (0 kB/s) [0.00]     
2024-12-07 11:47:46 Progress: 8.6%, dl from 29 of 40 peers (4.31 MB/s), ul to 1 (1 kB/s) [0.00]     
2024-12-07 11:47:46 Progress: 8.6%, dl from 29 of 40 peers (4.34 MB/s), ul to 1 (1 kB/s) [0.00]     
2024-12-07 11:47:46 Progress: 8.7%, dl from 29 of 40 peers (4.31 MB/s), ul to 1 (1 kB/s) [0.00]     
2024-12-07 11:47:46 Progress: 8.7%, dl from 29 of 42 peers (4.25 MB/s), ul to 1 (1 kB/s) [0.00]     
2024-12-07 11:47:46 Progress: 8.7%, dl from 29 of 42 peers (4.17 MB/s), ul to 1 (5 kB/s) [0.00]     
2024-12-07 11:47:46 Progress: 8.7%, dl from 28 of 41 peers (4.25 MB/s), ul to 1 (7 kB/s) [0.00]     
2024-12-07 11:47:46 Progress: 8.8%, dl from 28 of 41 peers (4.23 MB/s), ul to 1 (7 kB/s) [0.00]     
2024-12-07 11:47:46 Progress: 8.8%, dl from 28 of 42 peers (4.22 MB/s), ul to 1 (8 kB/s) [0.00]     
2024-12-07 11:47:46 Progress: 8.8%, dl from 28 of 44 peers (4.15 MB/s), ul to 1 (8 kB/s) [0.00]     
2024-12-07 11:47:46 Progress: 8.9%, dl from 28 of 47 peers (4.12 MB/s), ul to 1 (8 kB/s) [0.00]     
2024-12-07 11:47:46 Progress: 8.9%, dl from 28 of 47 peers (4.12 MB/s), ul to 1 (6 kB/s) [0.00]     
2024-12-07 11:47:46 Progress: 8.9%, dl from 28 of 48 peers (4.16 MB/s), ul to 1 (6 kB/s) [0.00]     
2024-12-07 11:47:46 Progress: 9.0%, dl from 28 of 50 peers (4.21 MB/s), ul to 1 (6 kB/s) [0.00]     
2024-12-07 11:47:46 Progress: 9.0%, dl from 35 of 50 peers (4.18 MB/s), ul to 1 (3 kB/s) [0.00]     
2024-12-07 11:47:46 Progress: 9.0%, dl from 35 of 50 peers (4.20 MB/s), ul to 1 (3 kB/s) [0.00]     
2024-12-07 11:47:46 Progress: 9.1%, dl from 35 of 50 peers (4.17 MB/s), ul to 1 (0 kB/s) [0.00]     
2024-12-07 11:47:46 Progress: 9.1%, dl from 38 of 50 peers (4.16 MB/s), ul to 1 (0 kB/s) [0.00]     
2024-12-07 11:47:46 Progress: 9.1%, dl from 39 of 50 peers (4.21 MB/s), ul to 1 (0 kB/s) [0.00]     
2024-12-07 11:47:46 Progress: 9.2%, dl from 40 of 50 peers (4.23 MB/s), ul to 1 (0 kB/s) [0.00]     
2024-12-07 11:47:46 Progress: 9.2%, dl from 40 of 51 peers (4.19 MB/s), ul to 1 (0 kB/s) [0.00]     
2024-12-07 11:47:56 Progress: 9.2%, dl from 40 of 50 peers (4.15 MB/s), ul to 1 (0 kB/s) [0.00]     
2024-12-07 11:47:56 Progress: 9.3%, dl from 40 of 50 peers (4.62 MB/s), ul to 1 (0 kB/s) [0.00]     
2024-12-07 11:47:56 Progress: 9.3%, dl from 40 of 50 peers (4.61 MB/s), ul to 1 (0 kB/s) [0.00]     
2024-12-07 11:47:56 Progress: 9.3%, dl from 41 of 50 peers (4.60 MB/s), ul to 1 (0 kB/s) [0.00]     
2024-12-07 11:47:56 Progress: 9.4%, dl from 41 of 50 peers (4.57 MB/s), ul to 1 (0 kB/s) [0.00]     
2024-12-07 11:47:56 Progress: 9.4%, dl from 41 of 50 peers (4.62 MB/s), ul to 1 (0 kB/s) [0.00]     
2024-12-07 11:47:56 Progress: 9.5%, dl from 41 of 50 peers (4.60 MB/s), ul to 1 (0 kB/s) [0.00]     
2024-12-07 11:47:56 Progress: 9.5%, dl from 42 of 50 peers (4.62 MB/s), ul to 1 (0 kB/s) [0.00]     
2024-12-07 11:47:56 Progress: 9.5%, dl from 43 of 50 peers (4.57 MB/s), ul to 1 (0 kB/s) [0.00]     
2024-12-07 11:47:56 Progress: 9.5%, dl from 43 of 50 peers (4.53 MB/s), ul to 1 (0 kB/s) [0.00]     
2024-12-07 11:47:56 Progress: 9.6%, dl from 44 of 50 peers (4.48 MB/s), ul to 1 (0 kB/s) [0.00]     
2024-12-07 11:47:56 Progress: 9.6%, dl from 44 of 50 peers (4.38 MB/s), ul to 1 (0 kB/s) [0.00]     
2024-12-07 11:47:56 Progress: 9.6%, dl from 44 of 50 peers (4.17 MB/s), ul to 1 (0 kB/s) [0.00]     
2024-12-07 11:47:56 Progress: 9.6%, dl from 44 of 50 peers (4.05 MB/s), ul to 1 (0 kB/s) [0.00]     
2024-12-07 11:47:56 Progress: 9.7%, dl from 44 of 50 peers (3.81 MB/s), ul to 1 (0 kB/s) [0.00]     
2024-12-07 11:47:56 Progress: 9.7%, dl from 45 of 50 peers (3.47 MB/s), ul to 1 (0 kB/s) [0.00]     
2024-12-07 11:47:56 Progress: 9.7%, dl from 45 of 50 peers (3.17 MB/s), ul to 1 (0 kB/s) [0.00]     
2024-12-07 11:47:56 Progress: 9.7%, dl from 45 of 50 peers (2.90 MB/s), ul to 1 (0 kB/s) [0.00]     
2024-12-07 11:47:56 Progress: 9.7%, dl from 45 of 50 peers (2.77 MB/s), ul to 1 (0 kB/s) [0.00]     
2024-12-07 11:47:56 Progress: 9.7%, dl from 45 of 50 peers (2.53 MB/s), ul to 1 (0 kB/s) [0.00]     
2024-12-07 11:47:56 Progress: 9.8%, dl from 45 of 50 peers (2.32 MB/s), ul to 1 (0 kB/s) [0.00]     
2024-12-07 11:47:56 Progress: 9.8%, dl from 45 of 50 peers (2.18 MB/s), ul to 1 (0 kB/s) [0.00]     
2024-12-07 11:47:56 Progress: 9.8%, dl from 45 of 50 peers (2.12 MB/s), ul to 1 (0 kB/s) [0.00]     
2024-12-07 11:47:56 Progress: 9.8%, dl from 45 of 50 peers (2.09 MB/s), ul to 1 (0 kB/s) [0.00]     
2024-12-07 11:47:56 Progress: 9.8%, dl from 45 of 50 peers (2.00 MB/s), ul to 1 (0 kB/s) [0.00]     
2024-12-07 11:47:57 Progress: 9.8%, dl from 44 of 49 peers (2.03 MB/s), ul to 1 (0 kB/s) [0.00]     
2024-12-07 11:47:57 Progress: 9.8%, dl from 44 of 49 peers (2.06 MB/s), ul to 1 (0 kB/s) [0.00]     
2024-12-07 11:47:57 Progress: 9.9%, dl from 44 of 49 peers (2.11 MB/s), ul to 1 (0 kB/s) [0.00]     
2024-12-07 11:47:57 Progress: 9.9%, dl from 44 of 49 peers (2.12 MB/s), ul to 1 (0 kB/s) [0.00]     
2024-12-07 11:47:57 Progress: 9.9%, dl from 44 of 49 peers (2.14 MB/s), ul to 1 (0 kB/s) [0.00]     
2024-12-07 11:47:57 Progress: 9.9%, dl from 44 of 49 peers (2.14 MB/s), ul to 1 (0 kB/s) [0.00]     
2024-12-07 11:47:57 Progress: 9.9%, dl from 44 of 49 peers (2.14 MB/s), ul to 1 (0 kB/s) [0.00]     
2024-12-07 11:47:57 Progress: 10.0%, dl from 44 of 49 peers (2.14 MB/s), ul to 1 (0 kB/s) [0.00]    
2024-12-07 11:47:57 Progress: 10.0%, dl from 44 of 51 peers (2.18 MB/s), ul to 1 (0 kB/s) [0.00]    
2024-12-07 11:47:57 Progress: 10.0%, dl from 44 of 53 peers (2.19 MB/s), ul to 1 (0 kB/s) [0.00]    
2024-12-07 11:47:57 Progress: 10.0%, dl from 43 of 50 peers (2.19 MB/s), ul to 1 (0 kB/s) [0.00]    
2024-12-07 11:47:57 Progress: 10.0%, dl from 43 of 50 peers (2.38 MB/s), ul to 1 (0 kB/s) [0.00]    
2024-12-07 11:47:57 Progress: 10.0%, dl from 43 of 50 peers (2.37 MB/s), ul to 1 (0 kB/s) [0.00]    
2024-12-07 11:47:57 Progress: 10.1%, dl from 43 of 50 peers (2.37 MB/s), ul to 1 (0 kB/s) [0.00]    
2024-12-07 11:47:57 Progress: 10.1%, dl from 43 of 53 peers (2.33 MB/s), ul to 1 (0 kB/s) [0.00]    
2024-12-07 11:47:57 Progress: 10.1%, dl from 41 of 51 peers (2.36 MB/s), ul to 1 (0 kB/s) [0.00]    
2024-12-07 11:47:57 Progress: 10.1%, dl from 41 of 51 peers (2.35 MB/s), ul to 1 (0 kB/s) [0.00]    
2024-12-07 11:47:57 Progress: 10.1%, dl from 41 of 50 peers (2.31 MB/s), ul to 1 (0 kB/s) [0.00]    
2024-12-07 11:47:57 Progress: 10.1%, dl from 41 of 51 peers (2.31 MB/s), ul to 1 (0 kB/s) [0.00]    
2024-12-07 11:47:57 Progress: 10.2%, dl from 41 of 52 peers (2.35 MB/s), ul to 1 (0 kB/s) [0.00]    
2024-12-07 11:47:57 Progress: 10.2%, dl from 41 of 50 peers (2.29 MB/s), ul to 1 (0 kB/s) [0.00]    
2024-12-07 11:47:57 Progress: 10.2%, dl from 41 of 50 peers (2.27 MB/s), ul to 1 (0 kB/s) [0.00]    
2024-12-07 11:47:57 Progress: 10.2%, dl from 42 of 50 peers (2.30 MB/s), ul to 1 (0 kB/s) [0.00]    
2024-12-07 11:47:57 Progress: 10.2%, dl from 42 of 50 peers (2.25 MB/s), ul to 1 (0 kB/s) [0.00]    
2024-12-07 11:47:57 Progress: 10.2%, dl from 42 of 50 peers (2.20 MB/s), ul to 1 (0 kB/s) [0.00]    
2024-12-07 11:48:06 Progress: 10.3%, dl from 42 of 50 peers (2.22 MB/s), ul to 1 (0 kB/s) [0.00]    
2024-12-07 11:48:06 Progress: 10.3%, dl from 42 of 50 peers (2.24 MB/s), ul to 1 (0 kB/s) [0.00]    
2024-12-07 11:48:06 Progress: 10.3%, dl from 42 of 50 peers (2.23 MB/s), ul to 1 (0 kB/s) [0.00]    
2024-12-07 11:48:06 Progress: 10.3%, dl from 42 of 50 peers (2.19 MB/s), ul to 1 (0 kB/s) [0.00]    
2024-12-07 11:48:06 Progress: 10.3%, dl from 42 of 50 peers (2.38 MB/s), ul to 1 (0 kB/s) [0.00]    
2024-12-07 11:48:06 Progress: 10.3%, dl from 42 of 50 peers (2.35 MB/s), ul to 1 (0 kB/s) [0.00]    
2024-12-07 11:48:06 Progress: 10.4%, dl from 42 of 50 peers (2.28 MB/s), ul to 1 (0 kB/s) [0.00]    
2024-12-07 11:48:06 Progress: 10.4%, dl from 42 of 50 peers (2.25 MB/s), ul to 1 (0 kB/s) [0.00]    
2024-12-07 11:48:06 Progress: 10.4%, dl from 42 of 50 peers (2.23 MB/s), ul to 1 (0 kB/s) [0.00]    
2024-12-07 11:48:06 Progress: 10.4%, dl from 42 of 50 peers (2.15 MB/s), ul to 1 (0 kB/s) [0.00]    
2024-12-07 11:48:06 Progress: 10.4%, dl from 42 of 50 peers (2.08 MB/s), ul to 1 (0 kB/s) [0.00]    
2024-12-07 11:48:06 Progress: 10.4%, dl from 42 of 50 peers (2.00 MB/s), ul to 1 (0 kB/s) [0.00]    
2024-12-07 11:48:07 Progress: 10.4%, dl from 42 of 50 peers (1.94 MB/s), ul to 1 (0 kB/s) [0.00]    
2024-12-07 11:48:07 Progress: 10.5%, dl from 42 of 50 peers (1.90 MB/s), ul to 1 (0 kB/s) [0.00]    
2024-12-07 11:48:07 Progress: 10.5%, dl from 42 of 50 peers (1.96 MB/s), ul to 1 (0 kB/s) [0.00]    
2024-12-07 11:48:07 Progress: 10.5%, dl from 42 of 50 peers (1.99 MB/s), ul to 1 (0 kB/s) [0.00]    
2024-12-07 11:48:07 Progress: 10.5%, dl from 43 of 50 peers (2.01 MB/s), ul to 1 (0 kB/s) [0.00]    
2024-12-07 11:48:07 Progress: 10.5%, dl from 44 of 50 peers (1.98 MB/s), ul to 1 (0 kB/s) [0.00]    
2024-12-07 11:48:07 Progress: 10.6%, dl from 44 of 50 peers (2.24 MB/s), ul to 1 (0 kB/s) [0.00]    
2024-12-07 11:48:07 Progress: 10.6%, dl from 44 of 50 peers (2.21 MB/s), ul to 1 (0 kB/s) [0.00]    
2024-12-07 11:48:07 Progress: 10.6%, dl from 44 of 50 peers (2.28 MB/s), ul to 1 (0 kB/s) [0.00]    
2024-12-07 11:48:07 Progress: 10.6%, dl from 44 of 50 peers (2.33 MB/s), ul to 1 (0 kB/s) [0.00]    
2024-12-07 11:48:07 Progress: 10.6%, dl from 44 of 50 peers (2.30 MB/s), ul to 1 (0 kB/s) [0.00]    
2024-12-07 11:48:07 Progress: 10.6%, dl from 44 of 50 peers (2.16 MB/s), ul to 1 (0 kB/s) [0.00]    
2024-12-07 11:48:07 Progress: 10.7%, dl from 44 of 50 peers (2.22 MB/s), ul to 1 (0 kB/s) [0.00]    
2024-12-07 11:48:07 Progress: 10.7%, dl from 44 of 50 peers (2.17 MB/s), ul to 1 (0 kB/s) [0.00]    
2024-12-07 11:48:07 Progress: 10.7%, dl from 44 of 50 peers (2.15 MB/s), ul to 1 (0 kB/s) [0.00]    
2024-12-07 11:48:07 Progress: 10.7%, dl from 44 of 50 peers (2.14 MB/s), ul to 1 (0 kB/s) [0.00]    
2024-12-07 11:48:07 Progress: 10.7%, dl from 44 of 50 peers (2.09 MB/s), ul to 1 (0 kB/s) [0.00]    
2024-12-07 11:48:07 Progress: 10.7%, dl from 44 of 50 peers (2.04 MB/s), ul to 1 (0 kB/s) [0.00]    
2024-12-07 11:48:07 Progress: 10.7%, dl from 44 of 50 peers (2.20 MB/s), ul to 1 (0 kB/s) [0.00]    
2024-12-07 11:48:07 Progress: 10.8%, dl from 44 of 50 peers (2.19 MB/s), ul to 1 (0 kB/s) [0.00]    
2024-12-07 11:48:07 Progress: 10.8%, dl from 44 of 50 peers (2.24 MB/s), ul to 1 (0 kB/s) [0.00]    
2024-12-07 11:48:07 Progress: 10.8%, dl from 44 of 50 peers (2.25 MB/s), ul to 1 (0 kB/s) [0.00]    
2024-12-07 11:48:07 Progress: 10.8%, dl from 45 of 50 peers (2.22 MB/s), ul to 1 (0 kB/s) [0.00]    
2024-12-07 11:48:07 Progress: 10.8%, dl from 45 of 50 peers (2.21 MB/s), ul to 1 (0 kB/s) [0.00]    
2024-12-07 11:48:07 Progress: 10.9%, dl from 45 of 50 peers (2.20 MB/s), ul to 1 (0 kB/s) [0.00]    
2024-12-07 11:48:07 Progress: 10.9%, dl from 45 of 50 peers (2.20 MB/s), ul to 1 (0 kB/s) [0.00]    
2024-12-07 11:48:07 Progress: 10.9%, dl from 45 of 50 peers (2.24 MB/s), ul to 1 (0 kB/s) [0.00]    
2024-12-07 11:48:07 Progress: 10.9%, dl from 45 of 50 peers (2.36 MB/s), ul to 1 (0 kB/s) [0.00]    
2024-12-07 11:48:07 Progress: 10.9%, dl from 46 of 50 peers (2.17 MB/s), ul to 1 (0 kB/s) [0.00]    
2024-12-07 11:48:07 Progress: 10.9%, dl from 46 of 50 peers (2.40 MB/s), ul to 1 (0 kB/s) [0.00]    
2024-12-07 11:48:07 Progress: 11.0%, dl from 48 of 50 peers (2.36 MB/s), ul to 1 (0 kB/s) [0.00]    
2024-12-07 11:48:07 Progress: 11.0%, dl from 48 of 50 peers (2.33 MB/s), ul to 1 (0 kB/s) [0.00]    
2024-12-07 11:48:07 Progress: 11.0%, dl from 48 of 50 peers (2.22 MB/s), ul to 1 (0 kB/s) [0.00]    
2024-12-07 11:48:07 Progress: 11.0%, dl from 48 of 50 peers (2.26 MB/s), ul to 1 (0 kB/s) [0.00]    
2024-12-07 11:48:07 Progress: 11.0%, dl from 48 of 50 peers (2.31 MB/s), ul to 1 (0 kB/s) [0.00]    
2024-12-07 11:48:07 Progress: 11.0%, dl from 49 of 50 peers (2.19 MB/s), ul to 1 (0 kB/s) [0.00]    
2024-12-07 11:48:07 Progress: 11.1%, dl from 49 of 50 peers (2.15 MB/s), ul to 1 (0 kB/s) [0.00]    
2024-12-07 11:48:07 Progress: 11.1%, dl from 49 of 50 peers (2.22 MB/s), ul to 1 (0 kB/s) [0.00]    
2024-12-07 11:48:07 Progress: 11.1%, dl from 49 of 50 peers (2.25 MB/s), ul to 1 (0 kB/s) [0.00]    
